{
  "0 debug pnpm:scope": {
    "selected": 1,
    "workspacePrefix": "D:\\Desktop\\vue-easy-dict-main"
  },
  "1 error pnpm": {
    "errno": 1,
    "code": "ELIFECYCLE",
    "pkgid": "vue-easy-dict@1.0.0",
    "stage": "dev:vue",
    "script": "pnpm serve --filter \"@vue-easy-dict/vue\"",
    "pkgname": "vue-easy-dict",
    "err": {
      "name": "pnpm",
      "message": "vue-easy-dict@1.0.0 dev:vue: `pnpm serve --filter \"@vue-easy-dict/vue\"`\nExit status 1",
      "code": "ELIFECYCLE",
      "stack": "pnpm: vue-easy-dict@1.0.0 dev:vue: `pnpm serve --filter \"@vue-easy-dict/vue\"`\nExit status 1\n    at EventEmitter.<anonymous> (C:\\Users\\Jam\\AppData\\Roaming\\npm\\node_modules\\pnpm\\dist\\pnpm.cjs:106886:20)\n    at EventEmitter.emit (node:events:379:20)\n    at ChildProcess.<anonymous> (C:\\Users\\Jam\\AppData\\Roaming\\npm\\node_modules\\pnpm\\dist\\pnpm.cjs:93455:18)\n    at ChildProcess.emit (node:events:379:20)\n    at maybeClose (node:internal/child_process:1065:16)\n    at Process.ChildProcess._handle.onexit (node:internal/child_process:296:5)"
    }
  },
  "2 warn pnpm:global": " Local package.json exists, but node_modules missing, did you mean to install?"
}